0 info it worked if it ends with ok
1 verbose cli [
1 verbose cli   'D:\\nodejs\\node.exe',
1 verbose cli   'C:\\Users\\ADMIN\\AppData\\Roaming\\npm\\node_modules\\npm\\bin\\npm-cli.js',
1 verbose cli   'run',
1 verbose cli   'build'
1 verbose cli ]
2 info using npm@6.14.10
3 info using node@v20.18.0
4 verbose run-script [ 'prebuild', 'build', 'postbuild' ]
5 info lifecycle hm-shopping@0.1.0~prebuild: hm-shopping@0.1.0
6 info lifecycle hm-shopping@0.1.0~build: hm-shopping@0.1.0
7 verbose lifecycle hm-shopping@0.1.0~build: unsafe-perm in lifecycle true
8 verbose lifecycle hm-shopping@0.1.0~build: PATH: C:\Users\ADMIN\AppData\Roaming\npm\node_modules\npm\node_modules\npm-lifecycle\node-gyp-bin;D:\web-vue-study\vue-test3\hm-shopping\node_modules\.bin;C:\Python312\Scripts\;C:\Python312\;C:\Windows\system32;C:\Windows;C:\Windows\System32\Wbem;C:\Windows\System32\WindowsPowerShell\v1.0\;C:\Windows\System32\OpenSSH\;C:\Program Files (x86)\NVIDIA Corporation\PhysX\Common;C:\Program Files\NVIDIA Corporation\NVIDIA NvDLISR;C:\Program Files\dotnet\;D:\web组件\Git\cmd;D:\nodejs\;C:\ProgramData\chocolatey\bin;C:\Users\ADMIN\AppData\Local\Microsoft\WindowsApps;D:\web组件\Microsoft VS Code\bin;C:\Users\ADMIN\AppData\Roaming\npm
9 verbose lifecycle hm-shopping@0.1.0~build: CWD: D:\web-vue-study\vue-test3\hm-shopping
10 silly lifecycle hm-shopping@0.1.0~build: Args: [ '/d /s /c', 'vue-cli-service build' ]
11 silly lifecycle hm-shopping@0.1.0~build: Returned: code: 1  signal: null
12 info lifecycle hm-shopping@0.1.0~build: Failed to exec build script
13 verbose stack Error: hm-shopping@0.1.0 build: `vue-cli-service build`
13 verbose stack Exit status 1
13 verbose stack     at EventEmitter.<anonymous> (C:\Users\ADMIN\AppData\Roaming\npm\node_modules\npm\node_modules\npm-lifecycle\index.js:332:16)
13 verbose stack     at EventEmitter.emit (node:events:519:28)
13 verbose stack     at ChildProcess.<anonymous> (C:\Users\ADMIN\AppData\Roaming\npm\node_modules\npm\node_modules\npm-lifecycle\lib\spawn.js:55:14)
13 verbose stack     at ChildProcess.emit (node:events:519:28)
13 verbose stack     at maybeClose (node:internal/child_process:1105:16)
13 verbose stack     at ChildProcess._handle.onexit (node:internal/child_process:305:5)
14 verbose pkgid hm-shopping@0.1.0
15 verbose cwd D:\web-vue-study\vue-test3\hm-shopping
16 verbose Windows_NT 10.0.22631
17 verbose argv "D:\\nodejs\\node.exe" "C:\\Users\\ADMIN\\AppData\\Roaming\\npm\\node_modules\\npm\\bin\\npm-cli.js" "run" "build"
18 verbose node v20.18.0
19 verbose npm  v6.14.10
20 error code ELIFECYCLE
21 error errno 1
22 error hm-shopping@0.1.0 build: `vue-cli-service build`
22 error Exit status 1
23 error Failed at the hm-shopping@0.1.0 build script.
23 error This is probably not a problem with npm. There is likely additional logging output above.
24 verbose exit [ 1, true ]
